mktextfm SimSun/OT
mktextfm SimSun/OT
mktextfm SimHei/OT
mktextfm SimHei/I/OT
mktextfm SimSun/OT
mktextfm SimSun/BI/OT
mktextfm SimSun/OT
mktextfm SimSun/I/OT
mktextfm SimSun/OT
mktextfm SimSun/OT
mktextfm SimHei/OT
mktextfm SimHei/OT
mktextfm SimHei/OT
mktextfm SimHei/OT
mktextfm SimSun/OT
mktextfm SimSun/OT
mktextfm SimSun/OT
mktextfm SimHei/OT
mktextfm SimHei/I/OT
mktextfm SimSun/OT
mktextfm SimSun/BI/OT
mktextfm SimSun/OT
mktextfm SimSun/I/OT
mktextfm SimSun/OT
mktextfm SimSun/OT
mktextfm SimHei/OT
mktextfm SimHei/OT
mktextfm SimHei/OT
mktextfm SimHei/OT
mktextfm SimSun/OT
mktextfm song/OT
mktextfm song/OT
mktextfm song/OT
mktextfm song/I/OT
mktextfm song/OT
mktextfm song/BI/OT
mktextfm song/OT
mktextfm song/I/OT
mktextfm song/OT
mktextfm song/OT
mktextfm song/OT
mktextfm song/OT
mktextfm ubuntu
mktextfm ubuntu
mktextfm ubuntu
mktextfm ubuntu/BI
mktextfm ubuntu
mktextfm ubuntu/B
mktextfm ubuntu
mktextfm ubuntu/I
mktextfm ubuntu
mktextfm ubuntu
mktextfm song/OT
mktextfm song/OT
mktextfm song/OT
mktextfm CourierNew
mktextfm CourierNew
mktextfm CourierNew
mktextfm CourierNew/BI
mktextfm CourierNew
mktextfm CourierNew/B
mktextfm CourierNew
mktextfm CourierNew/I
mktextfm CourierNew
mktextfm CourierNew
mktextfm consola
mktextfm consola
mktextfm consola
mktextfm consola/BI
mktextfm consola
mktextfm consola/B
mktextfm consola
mktextfm consola/I
mktextfm consola
mktextfm consola
mktextfm consola
mktextfm consola
mktextfm consola
mktextfm consola/BI
mktextfm consola
mktextfm consola/B
mktextfm consola
mktextfm consola/I
mktextfm consola
mktextfm consola
mktextfm consolas
mktextfm consolas
mktextfm consolas
mktextfm consolas/BI
mktextfm consolas
mktextfm consolas/B
mktextfm consolas
mktextfm consolas/I
mktextfm consolas
mktextfm consolas
mktextfm Monaco
mktextfm Monaco
mktextfm Monaco
mktextfm Monaco/BI
mktextfm Monaco
mktextfm Monaco/B
mktextfm Monaco
mktextfm Monaco/I
mktextfm Monaco
mktextfm Monaco
mktextfm Monaco
mktextfm Monaco
mktextfm Monaco
mktextfm Monaco/BI
mktextfm Monaco
mktextfm Monaco/B
mktextfm Monaco
mktextfm Monaco/I
mktextfm Monaco
mktextfm Monaco
mktextfm Monaco
